18:41:31.677 [DEBUG] [    Development] [         FakeWorkerThread:  56] - New FakeWorkerThread for: rgbFakeWorker
18:41:31.677 [DEBUG] [    Development] [         FakeWorkerThread:  57] - Capture stream: ws://localhost:8080/com.bsb-driveline.eye-sea.server-development/websocket/captureStream/rgbFakeWorker
18:41:31.677 [DEBUG] [    Development] [         FakeWorkerThread:  58] - Outcome sink: ws://localhost:8080/com.bsb-driveline.eye-sea.server-development/websocket/outcomeSink/rgbFakeWorker
18:41:31.679 [DEBUG] [    Development] [         FakeWorkerThread:  56] - New FakeWorkerThread for: thermalFakeWorker
18:41:31.679 [DEBUG] [    Development] [         FakeWorkerThread:  57] - Capture stream: ws://localhost:8080/com.bsb-driveline.eye-sea.server-development/websocket/captureStream/thermalFakeWorker
18:41:31.679 [DEBUG] [    Development] [         FakeWorkerThread:  58] - Outcome sink: ws://localhost:8080/com.bsb-driveline.eye-sea.server-development/websocket/outcomeSink/thermalFakeWorker
18:41:31.680 [DEBUG] [    Development] [         FakeWorkerThread:  56] - New FakeWorkerThread for: appFakeWorker
18:41:31.680 [DEBUG] [    Development] [         FakeWorkerThread:  57] - Capture stream: ws://localhost:8080/com.bsb-driveline.eye-sea.server-development/websocket/captureStream/appFakeWorker
18:41:31.680 [DEBUG] [    Development] [         FakeWorkerThread:  58] - Outcome sink: ws://localhost:8080/com.bsb-driveline.eye-sea.server-development/websocket/outcomeSink/appFakeWorker
18:41:31.684 [DEBUG] [    Development] [         FakeSensorThread:  47] - New FakeSensorThread for: rgbFakeSensor
18:41:31.685 [DEBUG] [    Development] [         FakeSensorThread:  48] - Fake sensor uri: ws://localhost:8080/com.bsb-driveline.eye-sea.server-development/websocket/captureSink/rgbFakeSensor
18:41:31.691 [ERROR] [    Development] [         FakeSensorThread:  91] - No sequences for: rgbFakeSensor
18:41:31.696 [DEBUG] [    Development] [         FakeSensorThread:  47] - New FakeSensorThread for: thermalFakeSensor
18:41:31.696 [DEBUG] [    Development] [         FakeSensorThread:  48] - Fake sensor uri: ws://localhost:8080/com.bsb-driveline.eye-sea.server-development/websocket/captureSink/thermalFakeSensor
18:41:31.697 [ERROR] [    Development] [         FakeSensorThread:  91] - No sequences for: thermalFakeSensor
18:41:31.697 [DEBUG] [    Development] [         FakeSensorThread:  47] - New FakeSensorThread for: appFakeSensor
18:41:31.698 [DEBUG] [    Development] [         FakeSensorThread:  48] - Fake sensor uri: ws://localhost:8080/com.bsb-driveline.eye-sea.server-development/websocket/captureSink/appFakeSensor
18:41:31.774 [DEBUG] [    Development] [         FakeSensorThread: 117] - sequence directories initialized
18:41:31.776 [DEBUG] [    Development] [        FakeSensorFactory:  89] - Start FakeSensorThread
18:41:31.777 [DEBUG] [    Development] [    SingleThreadScheduler:  37] - Start SingleThreadScheduler
18:41:31.778 [DEBUG] [    Development] [    SingleThreadScheduler:  37] - Start SingleThreadScheduler
18:41:31.779 [DEBUG] [    Development] [    SingleThreadScheduler:  37] - Start SingleThreadScheduler
18:41:31.783 [DEBUG] [    Development] [        FakeSensorFactory: 330] - FakeSensorThreads initialized.
18:41:41.701 [DEBUG] [    Development] [   FakeWorkerSocketClient:  30] - create fake worker client endpoint: ws://localhost:8080/com.bsb-driveline.eye-sea.server-development/websocket/captureStream/rgbFakeWorker
18:41:41.704 [DEBUG] [    Development] [   FakeWorkerSocketClient:  30] - create fake worker client endpoint: ws://localhost:8080/com.bsb-driveline.eye-sea.server-development/websocket/captureStream/appFakeWorker
18:41:41.704 [DEBUG] [    Development] [   FakeWorkerSocketClient:  30] - create fake worker client endpoint: ws://localhost:8080/com.bsb-driveline.eye-sea.server-development/websocket/captureStream/thermalFakeWorker
18:41:41.718 [DEBUG] [    Development] [   FakeWorkerSocketClient:  99] - FakeWorkerSocketClient on open: cc
18:41:41.718 [DEBUG] [    Development] [   FakeWorkerSocketClient:  30] - create fake worker client endpoint: ws://localhost:8080/com.bsb-driveline.eye-sea.server-development/websocket/outcomeSink/rgbFakeWorker
18:41:41.736 [DEBUG] [    Development] [   FakeWorkerSocketClient:  99] - FakeWorkerSocketClient on open: ce
18:41:41.737 [DEBUG] [    Development] [   FakeWorkerSocketClient:  30] - create fake worker client endpoint: ws://localhost:8080/com.bsb-driveline.eye-sea.server-development/websocket/outcomeSink/appFakeWorker
18:41:41.749 [DEBUG] [    Development] [   FakeWorkerSocketClient:  99] - FakeWorkerSocketClient on open: d1
18:41:41.802 [DEBUG] [    Development] [   FakeWorkerSocketClient:  99] - FakeWorkerSocketClient on open: d2
18:41:41.802 [DEBUG] [    Development] [   FakeWorkerSocketClient:  30] - create fake worker client endpoint: ws://localhost:8080/com.bsb-driveline.eye-sea.server-development/websocket/outcomeSink/thermalFakeWorker
18:41:41.868 [DEBUG] [    Development] [   FakeWorkerSocketClient:  99] - FakeWorkerSocketClient on open: d4
18:41:41.878 [DEBUG] [    Development] [   FakeWorkerSocketClient:  99] - FakeWorkerSocketClient on open: d6
18:41:46.779 [DEBUG] [    Development] [         FakeSensorThread: 166] - Send fake pipelineData to: ws://localhost:8080/com.bsb-driveline.eye-sea.server-development/websocket/captureSink/rgbFakeSensor
18:41:46.779 [DEBUG] [    Development] [         FakeSensorThread: 166] - Send fake pipelineData to: ws://localhost:8080/com.bsb-driveline.eye-sea.server-development/websocket/captureSink/appFakeSensor
18:41:46.781 [DEBUG] [    Development] [   FakeSensorSocketClient:  29] - Create fake sensor client endpoint: ws://localhost:8080/com.bsb-driveline.eye-sea.server-development/websocket/captureSink/rgbFakeSensor
18:41:46.783 [DEBUG] [    Development] [         FakeSensorThread: 166] - Send fake pipelineData to: ws://localhost:8080/com.bsb-driveline.eye-sea.server-development/websocket/captureSink/thermalFakeSensor
18:41:46.783 [DEBUG] [    Development] [   FakeSensorSocketClient:  29] - Create fake sensor client endpoint: ws://localhost:8080/com.bsb-driveline.eye-sea.server-development/websocket/captureSink/thermalFakeSensor
18:41:46.785 [DEBUG] [    Development] [   FakeSensorSocketClient:  29] - Create fake sensor client endpoint: ws://localhost:8080/com.bsb-driveline.eye-sea.server-development/websocket/captureSink/appFakeSensor
18:41:46.812 [DEBUG] [    Development] [   FakeSensorSocketClient: 104] - FakeSensorSocketClient on open: db
18:41:46.812 [DEBUG] [    Development] [   FakeSensorSocketClient: 104] - FakeSensorSocketClient on open: da
18:41:46.828 [DEBUG] [    Development] [   FakeSensorSocketClient: 104] - FakeSensorSocketClient on open: dc
18:41:52.026 [DEBUG] [    Development] [                     User: 236] - No thumbnail Found for this user.
18:41:58.981 [DEBUG] [    Development] [                     User: 236] - No thumbnail Found for this user.
18:42:03.532 [DEBUG] [    Development] [                     User: 236] - No thumbnail Found for this user.
18:45:07.252 [DEBUG] [    Development] [                     User: 236] - No thumbnail Found for this user.
18:45:12.561 [DEBUG] [    Development] [                     User: 236] - No thumbnail Found for this user.
18:45:16.463 [DEBUG] [    Development] [                     User: 236] - No thumbnail Found for this user.
18:45:21.122 [DEBUG] [    Development] [                     User: 236] - No thumbnail Found for this user.
18:45:24.894 [DEBUG] [    Development] [                     User: 236] - No thumbnail Found for this user.
18:45:30.369 [DEBUG] [    Development] [                     User: 236] - No thumbnail Found for this user.
18:45:34.968 [DEBUG] [    Development] [                     User: 236] - No thumbnail Found for this user.
18:45:39.563 [DEBUG] [    Development] [                     User: 236] - No thumbnail Found for this user.
18:45:44.774 [DEBUG] [    Development] [                     User: 236] - No thumbnail Found for this user.
18:45:49.469 [DEBUG] [    Development] [                     User: 236] - No thumbnail Found for this user.
18:45:53.603 [DEBUG] [    Development] [                     User: 236] - No thumbnail Found for this user.
18:45:58.386 [DEBUG] [    Development] [                     User: 236] - No thumbnail Found for this user.
18:46:03.412 [DEBUG] [    Development] [                     User: 236] - No thumbnail Found for this user.
18:46:08.224 [DEBUG] [    Development] [                     User: 236] - No thumbnail Found for this user.
18:46:13.194 [DEBUG] [    Development] [                     User: 236] - No thumbnail Found for this user.
18:46:17.954 [DEBUG] [    Development] [                     User: 236] - No thumbnail Found for this user.
18:46:22.954 [DEBUG] [    Development] [                     User: 236] - No thumbnail Found for this user.
18:46:27.649 [DEBUG] [    Development] [                     User: 236] - No thumbnail Found for this user.
18:46:32.178 [DEBUG] [    Development] [                     User: 236] - No thumbnail Found for this user.
18:46:36.771 [DEBUG] [    Development] [                     User: 236] - No thumbnail Found for this user.
18:46:37.169 [DEBUG] [    Development] [                     User: 236] - No thumbnail Found for this user.
17:01:17.389 [DEBUG] [    Development] [         FakeWorkerThread:  56] - New FakeWorkerThread for: rgbFakeWorker
17:01:17.391 [DEBUG] [    Development] [         FakeWorkerThread:  57] - Capture stream: ws://localhost:8080/com.bsb-driveline.eye-sea.server-development/websocket/captureStream/rgbFakeWorker
17:01:17.392 [DEBUG] [    Development] [         FakeWorkerThread:  58] - Outcome sink: ws://localhost:8080/com.bsb-driveline.eye-sea.server-development/websocket/outcomeSink/rgbFakeWorker
17:01:17.394 [DEBUG] [    Development] [         FakeWorkerThread:  56] - New FakeWorkerThread for: thermalFakeWorker
17:01:17.394 [DEBUG] [    Development] [         FakeWorkerThread:  57] - Capture stream: ws://localhost:8080/com.bsb-driveline.eye-sea.server-development/websocket/captureStream/thermalFakeWorker
17:01:17.394 [DEBUG] [    Development] [         FakeWorkerThread:  58] - Outcome sink: ws://localhost:8080/com.bsb-driveline.eye-sea.server-development/websocket/outcomeSink/thermalFakeWorker
17:01:17.395 [DEBUG] [    Development] [         FakeWorkerThread:  56] - New FakeWorkerThread for: appFakeWorker
17:01:17.396 [DEBUG] [    Development] [         FakeWorkerThread:  57] - Capture stream: ws://localhost:8080/com.bsb-driveline.eye-sea.server-development/websocket/captureStream/appFakeWorker
17:01:17.396 [DEBUG] [    Development] [         FakeWorkerThread:  58] - Outcome sink: ws://localhost:8080/com.bsb-driveline.eye-sea.server-development/websocket/outcomeSink/appFakeWorker
17:01:17.400 [DEBUG] [    Development] [         FakeSensorThread:  47] - New FakeSensorThread for: rgbFakeSensor
17:01:17.401 [DEBUG] [    Development] [         FakeSensorThread:  48] - Fake sensor uri: ws://localhost:8080/com.bsb-driveline.eye-sea.server-development/websocket/captureSink/rgbFakeSensor
17:01:17.404 [ERROR] [    Development] [         FakeSensorThread:  91] - No sequences for: rgbFakeSensor
17:01:17.407 [DEBUG] [    Development] [         FakeSensorThread:  47] - New FakeSensorThread for: thermalFakeSensor
17:01:17.408 [DEBUG] [    Development] [         FakeSensorThread:  48] - Fake sensor uri: ws://localhost:8080/com.bsb-driveline.eye-sea.server-development/websocket/captureSink/thermalFakeSensor
17:01:17.408 [ERROR] [    Development] [         FakeSensorThread:  91] - No sequences for: thermalFakeSensor
17:01:17.409 [DEBUG] [    Development] [         FakeSensorThread:  47] - New FakeSensorThread for: appFakeSensor
17:01:17.409 [DEBUG] [    Development] [         FakeSensorThread:  48] - Fake sensor uri: ws://localhost:8080/com.bsb-driveline.eye-sea.server-development/websocket/captureSink/appFakeSensor
17:01:17.511 [DEBUG] [    Development] [         FakeSensorThread: 117] - sequence directories initialized
17:01:17.513 [DEBUG] [    Development] [        FakeSensorFactory:  89] - Start FakeSensorThread
17:01:17.514 [DEBUG] [    Development] [    SingleThreadScheduler:  37] - Start SingleThreadScheduler
17:01:17.516 [DEBUG] [    Development] [    SingleThreadScheduler:  37] - Start SingleThreadScheduler
17:01:17.518 [DEBUG] [    Development] [    SingleThreadScheduler:  37] - Start SingleThreadScheduler
17:01:17.522 [DEBUG] [    Development] [        FakeSensorFactory: 330] - FakeSensorThreads initialized.
17:01:27.395 [DEBUG] [    Development] [   FakeWorkerSocketClient:  30] - create fake worker client endpoint: ws://localhost:8080/com.bsb-driveline.eye-sea.server-development/websocket/captureStream/rgbFakeWorker
17:01:27.395 [DEBUG] [    Development] [   FakeWorkerSocketClient:  30] - create fake worker client endpoint: ws://localhost:8080/com.bsb-driveline.eye-sea.server-development/websocket/captureStream/thermalFakeWorker
17:01:27.396 [DEBUG] [    Development] [   FakeWorkerSocketClient:  30] - create fake worker client endpoint: ws://localhost:8080/com.bsb-driveline.eye-sea.server-development/websocket/captureStream/appFakeWorker
17:01:27.525 [DEBUG] [    Development] [   FakeWorkerSocketClient:  99] - FakeWorkerSocketClient on open: a
17:01:27.525 [DEBUG] [    Development] [   FakeWorkerSocketClient:  99] - FakeWorkerSocketClient on open: 9
17:01:27.525 [DEBUG] [    Development] [   FakeWorkerSocketClient:  99] - FakeWorkerSocketClient on open: b
17:01:27.525 [DEBUG] [    Development] [   FakeWorkerSocketClient:  30] - create fake worker client endpoint: ws://localhost:8080/com.bsb-driveline.eye-sea.server-development/websocket/outcomeSink/rgbFakeWorker
17:01:27.525 [DEBUG] [    Development] [   FakeWorkerSocketClient:  30] - create fake worker client endpoint: ws://localhost:8080/com.bsb-driveline.eye-sea.server-development/websocket/outcomeSink/appFakeWorker
17:01:27.525 [DEBUG] [    Development] [   FakeWorkerSocketClient:  30] - create fake worker client endpoint: ws://localhost:8080/com.bsb-driveline.eye-sea.server-development/websocket/outcomeSink/thermalFakeWorker
17:01:27.533 [DEBUG] [    Development] [   FakeWorkerSocketClient:  99] - FakeWorkerSocketClient on open: f
17:01:27.535 [DEBUG] [    Development] [   FakeWorkerSocketClient:  99] - FakeWorkerSocketClient on open: 10
17:01:27.536 [DEBUG] [    Development] [   FakeWorkerSocketClient:  99] - FakeWorkerSocketClient on open: 11
17:01:32.515 [DEBUG] [    Development] [         FakeSensorThread: 166] - Send fake pipelineData to: ws://localhost:8080/com.bsb-driveline.eye-sea.server-development/websocket/captureSink/rgbFakeSensor
17:01:32.518 [DEBUG] [    Development] [         FakeSensorThread: 166] - Send fake pipelineData to: ws://localhost:8080/com.bsb-driveline.eye-sea.server-development/websocket/captureSink/thermalFakeSensor
17:01:32.519 [DEBUG] [    Development] [   FakeSensorSocketClient:  29] - Create fake sensor client endpoint: ws://localhost:8080/com.bsb-driveline.eye-sea.server-development/websocket/captureSink/thermalFakeSensor
17:01:32.520 [DEBUG] [    Development] [         FakeSensorThread: 166] - Send fake pipelineData to: ws://localhost:8080/com.bsb-driveline.eye-sea.server-development/websocket/captureSink/appFakeSensor
17:01:32.520 [DEBUG] [    Development] [   FakeSensorSocketClient:  29] - Create fake sensor client endpoint: ws://localhost:8080/com.bsb-driveline.eye-sea.server-development/websocket/captureSink/appFakeSensor
17:01:32.519 [DEBUG] [    Development] [   FakeSensorSocketClient:  29] - Create fake sensor client endpoint: ws://localhost:8080/com.bsb-driveline.eye-sea.server-development/websocket/captureSink/rgbFakeSensor
17:01:32.533 [DEBUG] [    Development] [   FakeSensorSocketClient: 104] - FakeSensorSocketClient on open: 15
17:01:32.536 [DEBUG] [    Development] [   FakeSensorSocketClient: 104] - FakeSensorSocketClient on open: 16
17:01:32.540 [DEBUG] [    Development] [   FakeSensorSocketClient: 104] - FakeSensorSocketClient on open: 19
17:05:26.536 [DEBUG] [    Development] [                     User: 236] - No thumbnail Found for this user.
17:05:57.057 [DEBUG] [    Development] [                     User: 236] - No thumbnail Found for this user.
17:06:09.579 [DEBUG] [    Development] [                     User: 236] - No thumbnail Found for this user.
17:06:27.170 [DEBUG] [    Development] [                     User: 236] - No thumbnail Found for this user.
17:06:31.572 [DEBUG] [    Development] [                     User: 236] - No thumbnail Found for this user.
17:06:56.340 [DEBUG] [    Development] [                     User: 236] - No thumbnail Found for this user.
17:07:00.823 [DEBUG] [    Development] [                     User: 236] - No thumbnail Found for this user.
17:07:17.952 [DEBUG] [    Development] [                     User: 236] - No thumbnail Found for this user.
17:07:35.025 [DEBUG] [    Development] [                     User: 236] - No thumbnail Found for this user.
17:07:53.082 [DEBUG] [    Development] [                     User: 236] - No thumbnail Found for this user.
17:07:57.077 [DEBUG] [    Development] [                     User: 236] - No thumbnail Found for this user.
17:08:14.045 [DEBUG] [    Development] [                     User: 236] - No thumbnail Found for this user.
17:08:14.569 [DEBUG] [    Development] [                     User: 236] - No thumbnail Found for this user.
17:08:16.378 [DEBUG] [    Development] [                     User: 236] - No thumbnail Found for this user.
17:08:20.914 [DEBUG] [    Development] [                     User: 236] - No thumbnail Found for this user.
17:08:30.129 [DEBUG] [    Development] [                     User: 236] - No thumbnail Found for this user.
17:08:30.620 [DEBUG] [    Development] [                     User: 236] - No thumbnail Found for this user.
17:08:33.239 [DEBUG] [    Development] [                     User: 236] - No thumbnail Found for this user.
17:08:41.632 [DEBUG] [    Development] [                     User: 236] - No thumbnail Found for this user.
17:08:42.111 [DEBUG] [    Development] [                     User: 236] - No thumbnail Found for this user.
17:08:44.671 [DEBUG] [    Development] [                     User: 236] - No thumbnail Found for this user.
17:09:50.634 [DEBUG] [    Development] [                     User: 236] - No thumbnail Found for this user.
17:10:04.478 [DEBUG] [    Development] [                     User: 236] - No thumbnail Found for this user.
17:11:46.277 [DEBUG] [    Development] [                     User: 236] - No thumbnail Found for this user.
17:11:50.219 [DEBUG] [    Development] [                     User: 236] - No thumbnail Found for this user.
17:11:54.128 [DEBUG] [    Development] [                     User: 236] - No thumbnail Found for this user.
17:11:58.272 [DEBUG] [    Development] [                     User: 236] - No thumbnail Found for this user.
17:12:02.106 [DEBUG] [    Development] [                     User: 236] - No thumbnail Found for this user.
17:12:07.710 [DEBUG] [    Development] [                     User: 236] - No thumbnail Found for this user.
17:12:11.575 [DEBUG] [    Development] [                     User: 236] - No thumbnail Found for this user.
17:12:22.977 [DEBUG] [    Development] [                     User: 236] - No thumbnail Found for this user.
17:12:26.864 [DEBUG] [    Development] [                     User: 236] - No thumbnail Found for this user.
17:12:32.639 [DEBUG] [    Development] [                     User: 236] - No thumbnail Found for this user.
17:12:36.675 [DEBUG] [    Development] [                     User: 236] - No thumbnail Found for this user.
17:12:43.978 [DEBUG] [    Development] [                     User: 236] - No thumbnail Found for this user.
17:12:47.986 [DEBUG] [    Development] [                     User: 236] - No thumbnail Found for this user.
17:12:56.863 [DEBUG] [    Development] [                     User: 236] - No thumbnail Found for this user.
17:19:03.005 [DEBUG] [    Development] [                     User: 236] - No thumbnail Found for this user.
17:19:06.936 [DEBUG] [    Development] [                     User: 236] - No thumbnail Found for this user.
17:19:11.968 [DEBUG] [    Development] [                     User: 236] - No thumbnail Found for this user.
17:19:15.852 [DEBUG] [    Development] [                     User: 236] - No thumbnail Found for this user.
17:19:22.715 [DEBUG] [    Development] [                     User: 236] - No thumbnail Found for this user.
17:19:26.511 [DEBUG] [    Development] [                     User: 236] - No thumbnail Found for this user.
17:19:29.832 [DEBUG] [    Development] [                     User: 236] - No thumbnail Found for this user.
17:19:30.856 [DEBUG] [    Development] [                     User: 236] - No thumbnail Found for this user.
17:20:30.764 [DEBUG] [    Development] [   FakeWorkerSocketClient:  68] - FakeWorkerSocketClient on close: 11
17:20:30.781 [DEBUG] [    Development] [   FakeSensorSocketClient:  70] - FakeSensorSocketClient on close: 19
17:20:30.780 [DEBUG] [    Development] [   FakeWorkerSocketClient:  68] - FakeWorkerSocketClient on close: b
17:20:30.782 [DEBUG] [    Development] [   FakeSensorSocketClient:  70] - FakeSensorSocketClient on close: 15
17:20:30.780 [DEBUG] [    Development] [   FakeWorkerSocketClient:  68] - FakeWorkerSocketClient on close: 10
17:20:30.783 [DEBUG] [    Development] [   FakeWorkerSocketClient:  68] - FakeWorkerSocketClient on close: a
17:20:30.772 [DEBUG] [    Development] [   FakeWorkerSocketClient:  68] - FakeWorkerSocketClient on close: f
17:20:30.773 [DEBUG] [    Development] [   FakeSensorSocketClient:  70] - FakeSensorSocketClient on close: 16
17:20:30.803 [DEBUG] [    Development] [   FakeWorkerSocketClient:  68] - FakeWorkerSocketClient on close: 9
17:20:37.819 [DEBUG] [    Development] [    SingleThreadScheduler:  79] - Kill SingleThreadScheduler
17:20:37.820 [DEBUG] [    Development] [    SingleThreadScheduler:  85] - Kill scheduledExecutorService
17:20:37.822 [DEBUG] [    Development] [    SingleThreadScheduler:  79] - Kill SingleThreadScheduler
17:20:37.823 [DEBUG] [    Development] [    SingleThreadScheduler:  85] - Kill scheduledExecutorService
17:20:37.824 [DEBUG] [    Development] [    SingleThreadScheduler:  79] - Kill SingleThreadScheduler
17:20:37.825 [DEBUG] [    Development] [    SingleThreadScheduler:  85] - Kill scheduledExecutorService
17:20:37.828 [DEBUG] [    Development] [         FakeWorkerThread: 265] - Kill appFakeWorkerClientOutcomeSink
17:20:37.829 [DEBUG] [    Development] [         FakeWorkerThread: 283] - Kill appFakeWorkerClientOutcomeSink
17:20:37.830 [DEBUG] [    Development] [         FakeWorkerThread: 265] - Kill appFakeWorkerClientOutcomeSink
17:20:37.830 [DEBUG] [    Development] [         FakeWorkerThread: 283] - Kill appFakeWorkerClientOutcomeSink
17:20:37.831 [DEBUG] [    Development] [         FakeWorkerThread: 265] - Kill appFakeWorkerClientOutcomeSink
17:20:37.832 [DEBUG] [    Development] [         FakeWorkerThread: 283] - Kill appFakeWorkerClientOutcomeSink
17:20:37.832 [DEBUG] [    Development] [              FakeWorkers:  40] - Kill scheduledExecutorService
17:20:51.147 [DEBUG] [    Development] [         FakeWorkerThread:  56] - New FakeWorkerThread for: rgbFakeWorker
17:20:51.147 [DEBUG] [    Development] [         FakeWorkerThread:  57] - Capture stream: ws://localhost:8080/com.bsb-driveline.eye-sea.server-development/websocket/captureStream/rgbFakeWorker
17:20:51.147 [DEBUG] [    Development] [         FakeWorkerThread:  58] - Outcome sink: ws://localhost:8080/com.bsb-driveline.eye-sea.server-development/websocket/outcomeSink/rgbFakeWorker
17:20:51.149 [DEBUG] [    Development] [         FakeWorkerThread:  56] - New FakeWorkerThread for: thermalFakeWorker
17:20:51.149 [DEBUG] [    Development] [         FakeWorkerThread:  57] - Capture stream: ws://localhost:8080/com.bsb-driveline.eye-sea.server-development/websocket/captureStream/thermalFakeWorker
17:20:51.149 [DEBUG] [    Development] [         FakeWorkerThread:  58] - Outcome sink: ws://localhost:8080/com.bsb-driveline.eye-sea.server-development/websocket/outcomeSink/thermalFakeWorker
17:20:51.150 [DEBUG] [    Development] [         FakeWorkerThread:  56] - New FakeWorkerThread for: appFakeWorker
17:20:51.151 [DEBUG] [    Development] [         FakeWorkerThread:  57] - Capture stream: ws://localhost:8080/com.bsb-driveline.eye-sea.server-development/websocket/captureStream/appFakeWorker
17:20:51.151 [DEBUG] [    Development] [         FakeWorkerThread:  58] - Outcome sink: ws://localhost:8080/com.bsb-driveline.eye-sea.server-development/websocket/outcomeSink/appFakeWorker
17:20:51.153 [DEBUG] [    Development] [         FakeSensorThread:  47] - New FakeSensorThread for: rgbFakeSensor
17:20:51.154 [DEBUG] [    Development] [         FakeSensorThread:  48] - Fake sensor uri: ws://localhost:8080/com.bsb-driveline.eye-sea.server-development/websocket/captureSink/rgbFakeSensor
17:20:51.160 [ERROR] [    Development] [         FakeSensorThread:  91] - No sequences for: rgbFakeSensor
17:20:51.164 [DEBUG] [    Development] [         FakeSensorThread:  47] - New FakeSensorThread for: thermalFakeSensor
17:20:51.164 [DEBUG] [    Development] [         FakeSensorThread:  48] - Fake sensor uri: ws://localhost:8080/com.bsb-driveline.eye-sea.server-development/websocket/captureSink/thermalFakeSensor
17:20:51.165 [ERROR] [    Development] [         FakeSensorThread:  91] - No sequences for: thermalFakeSensor
17:20:51.166 [DEBUG] [    Development] [         FakeSensorThread:  47] - New FakeSensorThread for: appFakeSensor
17:20:51.166 [DEBUG] [    Development] [         FakeSensorThread:  48] - Fake sensor uri: ws://localhost:8080/com.bsb-driveline.eye-sea.server-development/websocket/captureSink/appFakeSensor
17:20:51.221 [DEBUG] [    Development] [         FakeSensorThread: 117] - sequence directories initialized
17:20:51.223 [DEBUG] [    Development] [        FakeSensorFactory:  89] - Start FakeSensorThread
17:20:51.224 [DEBUG] [    Development] [    SingleThreadScheduler:  37] - Start SingleThreadScheduler
17:20:51.226 [DEBUG] [    Development] [    SingleThreadScheduler:  37] - Start SingleThreadScheduler
17:20:51.227 [DEBUG] [    Development] [    SingleThreadScheduler:  37] - Start SingleThreadScheduler
17:20:51.230 [DEBUG] [    Development] [        FakeSensorFactory: 330] - FakeSensorThreads initialized.
17:21:01.150 [DEBUG] [    Development] [   FakeWorkerSocketClient:  30] - create fake worker client endpoint: ws://localhost:8080/com.bsb-driveline.eye-sea.server-development/websocket/captureStream/rgbFakeWorker
17:21:01.154 [DEBUG] [    Development] [   FakeWorkerSocketClient:  30] - create fake worker client endpoint: ws://localhost:8080/com.bsb-driveline.eye-sea.server-development/websocket/captureStream/thermalFakeWorker
17:21:01.154 [DEBUG] [    Development] [   FakeWorkerSocketClient:  30] - create fake worker client endpoint: ws://localhost:8080/com.bsb-driveline.eye-sea.server-development/websocket/captureStream/appFakeWorker
17:21:01.162 [DEBUG] [    Development] [   FakeWorkerSocketClient:  99] - FakeWorkerSocketClient on open: c7
17:21:01.163 [DEBUG] [    Development] [   FakeWorkerSocketClient:  30] - create fake worker client endpoint: ws://localhost:8080/com.bsb-driveline.eye-sea.server-development/websocket/outcomeSink/thermalFakeWorker
17:21:01.182 [DEBUG] [    Development] [   FakeWorkerSocketClient:  99] - FakeWorkerSocketClient on open: cb
17:21:01.182 [DEBUG] [    Development] [   FakeWorkerSocketClient:  99] - FakeWorkerSocketClient on open: ca
17:21:01.183 [DEBUG] [    Development] [   FakeWorkerSocketClient:  30] - create fake worker client endpoint: ws://localhost:8080/com.bsb-driveline.eye-sea.server-development/websocket/outcomeSink/appFakeWorker
17:21:01.186 [DEBUG] [    Development] [   FakeWorkerSocketClient:  99] - FakeWorkerSocketClient on open: cd
17:21:01.187 [DEBUG] [    Development] [   FakeWorkerSocketClient:  30] - create fake worker client endpoint: ws://localhost:8080/com.bsb-driveline.eye-sea.server-development/websocket/outcomeSink/rgbFakeWorker
17:21:01.197 [DEBUG] [    Development] [   FakeWorkerSocketClient:  99] - FakeWorkerSocketClient on open: d0
17:21:01.199 [DEBUG] [    Development] [   FakeWorkerSocketClient:  99] - FakeWorkerSocketClient on open: d1
17:21:06.226 [DEBUG] [    Development] [         FakeSensorThread: 166] - Send fake pipelineData to: ws://localhost:8080/com.bsb-driveline.eye-sea.server-development/websocket/captureSink/rgbFakeSensor
17:21:06.228 [DEBUG] [    Development] [   FakeSensorSocketClient:  29] - Create fake sensor client endpoint: ws://localhost:8080/com.bsb-driveline.eye-sea.server-development/websocket/captureSink/rgbFakeSensor
17:21:06.230 [DEBUG] [    Development] [         FakeSensorThread: 166] - Send fake pipelineData to: ws://localhost:8080/com.bsb-driveline.eye-sea.server-development/websocket/captureSink/thermalFakeSensor
17:21:06.230 [DEBUG] [    Development] [   FakeSensorSocketClient:  29] - Create fake sensor client endpoint: ws://localhost:8080/com.bsb-driveline.eye-sea.server-development/websocket/captureSink/thermalFakeSensor
17:21:06.233 [DEBUG] [    Development] [         FakeSensorThread: 166] - Send fake pipelineData to: ws://localhost:8080/com.bsb-driveline.eye-sea.server-development/websocket/captureSink/appFakeSensor
17:21:06.233 [DEBUG] [    Development] [   FakeSensorSocketClient:  29] - Create fake sensor client endpoint: ws://localhost:8080/com.bsb-driveline.eye-sea.server-development/websocket/captureSink/appFakeSensor
17:21:06.260 [DEBUG] [    Development] [   FakeSensorSocketClient: 104] - FakeSensorSocketClient on open: d4
17:21:06.262 [DEBUG] [    Development] [   FakeSensorSocketClient: 104] - FakeSensorSocketClient on open: d6
17:21:06.262 [DEBUG] [    Development] [   FakeSensorSocketClient: 104] - FakeSensorSocketClient on open: d7
17:21:11.308 [DEBUG] [    Development] [                     User: 236] - No thumbnail Found for this user.
17:21:18.299 [DEBUG] [    Development] [                     User: 236] - No thumbnail Found for this user.
17:21:23.912 [DEBUG] [    Development] [                     User: 236] - No thumbnail Found for this user.
17:24:27.689 [DEBUG] [    Development] [                     User: 236] - No thumbnail Found for this user.
17:24:32.358 [DEBUG] [    Development] [                     User: 236] - No thumbnail Found for this user.
17:24:35.925 [DEBUG] [    Development] [                     User: 236] - No thumbnail Found for this user.
17:24:40.680 [DEBUG] [    Development] [                     User: 236] - No thumbnail Found for this user.
17:24:44.298 [DEBUG] [    Development] [                     User: 236] - No thumbnail Found for this user.
17:24:48.999 [DEBUG] [    Development] [                     User: 236] - No thumbnail Found for this user.
17:24:53.206 [DEBUG] [    Development] [                     User: 236] - No thumbnail Found for this user.
17:24:57.944 [DEBUG] [    Development] [                     User: 236] - No thumbnail Found for this user.
17:25:02.049 [DEBUG] [    Development] [                     User: 236] - No thumbnail Found for this user.
17:25:06.719 [DEBUG] [    Development] [                     User: 236] - No thumbnail Found for this user.
17:25:10.996 [DEBUG] [    Development] [                     User: 236] - No thumbnail Found for this user.
17:25:15.661 [DEBUG] [    Development] [                     User: 236] - No thumbnail Found for this user.
17:25:19.921 [DEBUG] [    Development] [                     User: 236] - No thumbnail Found for this user.
17:25:24.575 [DEBUG] [    Development] [                     User: 236] - No thumbnail Found for this user.
17:25:29.107 [DEBUG] [    Development] [                     User: 236] - No thumbnail Found for this user.
17:25:33.835 [DEBUG] [    Development] [                     User: 236] - No thumbnail Found for this user.
17:25:38.138 [DEBUG] [    Development] [                     User: 236] - No thumbnail Found for this user.
17:25:42.848 [DEBUG] [    Development] [                     User: 236] - No thumbnail Found for this user.
17:25:48.217 [DEBUG] [    Development] [                     User: 236] - No thumbnail Found for this user.
17:25:52.892 [DEBUG] [    Development] [                     User: 236] - No thumbnail Found for this user.
17:25:53.291 [DEBUG] [    Development] [                     User: 236] - No thumbnail Found for this user.
17:01:31.626 [DEBUG] [    Development] [         FakeWorkerThread:  56] - New FakeWorkerThread for: rgbFakeWorker
17:01:31.629 [DEBUG] [    Development] [         FakeWorkerThread:  57] - Capture stream: ws://localhost:8080/com.bsb-driveline.eye-sea.server-development/websocket/captureStream/rgbFakeWorker
17:01:31.629 [DEBUG] [    Development] [         FakeWorkerThread:  58] - Outcome sink: ws://localhost:8080/com.bsb-driveline.eye-sea.server-development/websocket/outcomeSink/rgbFakeWorker
17:01:31.631 [DEBUG] [    Development] [         FakeWorkerThread:  56] - New FakeWorkerThread for: thermalFakeWorker
17:01:31.631 [DEBUG] [    Development] [         FakeWorkerThread:  57] - Capture stream: ws://localhost:8080/com.bsb-driveline.eye-sea.server-development/websocket/captureStream/thermalFakeWorker
17:01:31.632 [DEBUG] [    Development] [         FakeWorkerThread:  58] - Outcome sink: ws://localhost:8080/com.bsb-driveline.eye-sea.server-development/websocket/outcomeSink/thermalFakeWorker
17:01:31.633 [DEBUG] [    Development] [         FakeWorkerThread:  56] - New FakeWorkerThread for: appFakeWorker
17:01:31.633 [DEBUG] [    Development] [         FakeWorkerThread:  57] - Capture stream: ws://localhost:8080/com.bsb-driveline.eye-sea.server-development/websocket/captureStream/appFakeWorker
17:01:31.633 [DEBUG] [    Development] [         FakeWorkerThread:  58] - Outcome sink: ws://localhost:8080/com.bsb-driveline.eye-sea.server-development/websocket/outcomeSink/appFakeWorker
17:01:31.637 [DEBUG] [    Development] [         FakeSensorThread:  47] - New FakeSensorThread for: rgbFakeSensor
17:01:31.638 [DEBUG] [    Development] [         FakeSensorThread:  48] - Fake sensor uri: ws://localhost:8080/com.bsb-driveline.eye-sea.server-development/websocket/captureSink/rgbFakeSensor
17:01:31.641 [ERROR] [    Development] [         FakeSensorThread:  91] - No sequences for: rgbFakeSensor
17:01:31.644 [DEBUG] [    Development] [         FakeSensorThread:  47] - New FakeSensorThread for: thermalFakeSensor
17:01:31.644 [DEBUG] [    Development] [         FakeSensorThread:  48] - Fake sensor uri: ws://localhost:8080/com.bsb-driveline.eye-sea.server-development/websocket/captureSink/thermalFakeSensor
17:01:31.645 [ERROR] [    Development] [         FakeSensorThread:  91] - No sequences for: thermalFakeSensor
17:01:31.646 [DEBUG] [    Development] [         FakeSensorThread:  47] - New FakeSensorThread for: appFakeSensor
17:01:31.646 [DEBUG] [    Development] [         FakeSensorThread:  48] - Fake sensor uri: ws://localhost:8080/com.bsb-driveline.eye-sea.server-development/websocket/captureSink/appFakeSensor
17:01:31.726 [DEBUG] [    Development] [         FakeSensorThread: 117] - sequence directories initialized
17:01:31.728 [DEBUG] [    Development] [        FakeSensorFactory:  89] - Start FakeSensorThread
17:01:31.729 [DEBUG] [    Development] [    SingleThreadScheduler:  37] - Start SingleThreadScheduler
17:01:31.731 [DEBUG] [    Development] [    SingleThreadScheduler:  37] - Start SingleThreadScheduler
17:01:31.736 [DEBUG] [    Development] [    SingleThreadScheduler:  37] - Start SingleThreadScheduler
17:01:31.739 [DEBUG] [    Development] [        FakeSensorFactory: 330] - FakeSensorThreads initialized.
17:01:41.632 [DEBUG] [    Development] [   FakeWorkerSocketClient:  30] - create fake worker client endpoint: ws://localhost:8080/com.bsb-driveline.eye-sea.server-development/websocket/captureStream/rgbFakeWorker
17:01:41.632 [DEBUG] [    Development] [   FakeWorkerSocketClient:  30] - create fake worker client endpoint: ws://localhost:8080/com.bsb-driveline.eye-sea.server-development/websocket/captureStream/thermalFakeWorker
17:01:41.634 [DEBUG] [    Development] [   FakeWorkerSocketClient:  30] - create fake worker client endpoint: ws://localhost:8080/com.bsb-driveline.eye-sea.server-development/websocket/captureStream/appFakeWorker
17:01:46.716 [ERROR] [    Development] [   FakeWorkerSocketClient:  37] - Exception
javax.websocket.DeploymentException: The HTTP request to initiate the WebSocket connection failed
	at org.apache.tomcat.websocket.WsWebSocketContainer.connectToServer(WsWebSocketContainer.java:428) ~[tomcat8-websocket-8.0.32.jar:8.0.32]
	at org.apache.tomcat.websocket.WsWebSocketContainer.connectToServer(WsWebSocketContainer.java:182) ~[tomcat8-websocket-8.0.32.jar:8.0.32]
	at extern.bsb.server.dev.worker.FakeWorkerSocketClient.<init>(FakeWorkerSocketClient.java:33) [classes/:?]
	at extern.bsb.server.dev.worker.FakeWorkerThread.run(FakeWorkerThread.java:76) [classes/:?]
	at java.util.concurrent.Executors$RunnableAdapter.call(Executors.java:511) [?:1.8.0_222]
	at java.util.concurrent.FutureTask.run(FutureTask.java:266) [?:1.8.0_222]
	at java.util.concurrent.ScheduledThreadPoolExecutor$ScheduledFutureTask.access$201(ScheduledThreadPoolExecutor.java:180) [?:1.8.0_222]
	at java.util.concurrent.ScheduledThreadPoolExecutor$ScheduledFutureTask.run(ScheduledThreadPoolExecutor.java:293) [?:1.8.0_222]
	at java.util.concurrent.ThreadPoolExecutor.runWorker(ThreadPoolExecutor.java:1149) [?:1.8.0_222]
	at java.util.concurrent.ThreadPoolExecutor$Worker.run(ThreadPoolExecutor.java:624) [?:1.8.0_222]
	at java.lang.Thread.run(Thread.java:748) [?:1.8.0_222]
Caused by: java.util.concurrent.TimeoutException
	at sun.nio.ch.PendingFuture.get(PendingFuture.java:197) ~[?:1.8.0_222]
	at org.apache.tomcat.websocket.WsWebSocketContainer.processResponse(WsWebSocketContainer.java:708) ~[tomcat8-websocket-8.0.32.jar:8.0.32]
	at org.apache.tomcat.websocket.WsWebSocketContainer.connectToServer(WsWebSocketContainer.java:375) ~[tomcat8-websocket-8.0.32.jar:8.0.32]
	... 10 more
17:01:46.716 [ERROR] [    Development] [   FakeWorkerSocketClient:  37] - Exception
javax.websocket.DeploymentException: The HTTP request to initiate the WebSocket connection failed
	at org.apache.tomcat.websocket.WsWebSocketContainer.connectToServer(WsWebSocketContainer.java:428) ~[tomcat8-websocket-8.0.32.jar:8.0.32]
	at org.apache.tomcat.websocket.WsWebSocketContainer.connectToServer(WsWebSocketContainer.java:182) ~[tomcat8-websocket-8.0.32.jar:8.0.32]
	at extern.bsb.server.dev.worker.FakeWorkerSocketClient.<init>(FakeWorkerSocketClient.java:33) [classes/:?]
	at extern.bsb.server.dev.worker.FakeWorkerThread.run(FakeWorkerThread.java:76) [classes/:?]
	at java.util.concurrent.Executors$RunnableAdapter.call(Executors.java:511) [?:1.8.0_222]
	at java.util.concurrent.FutureTask.run(FutureTask.java:266) [?:1.8.0_222]
	at java.util.concurrent.ScheduledThreadPoolExecutor$ScheduledFutureTask.access$201(ScheduledThreadPoolExecutor.java:180) [?:1.8.0_222]
	at java.util.concurrent.ScheduledThreadPoolExecutor$ScheduledFutureTask.run(ScheduledThreadPoolExecutor.java:293) [?:1.8.0_222]
	at java.util.concurrent.ThreadPoolExecutor.runWorker(ThreadPoolExecutor.java:1149) [?:1.8.0_222]
	at java.util.concurrent.ThreadPoolExecutor$Worker.run(ThreadPoolExecutor.java:624) [?:1.8.0_222]
	at java.lang.Thread.run(Thread.java:748) [?:1.8.0_222]
Caused by: java.util.concurrent.TimeoutException
	at sun.nio.ch.PendingFuture.get(PendingFuture.java:197) ~[?:1.8.0_222]
	at org.apache.tomcat.websocket.WsWebSocketContainer.processResponse(WsWebSocketContainer.java:708) ~[tomcat8-websocket-8.0.32.jar:8.0.32]
	at org.apache.tomcat.websocket.WsWebSocketContainer.connectToServer(WsWebSocketContainer.java:375) ~[tomcat8-websocket-8.0.32.jar:8.0.32]
	... 10 more
17:01:46.715 [ERROR] [    Development] [   FakeWorkerSocketClient:  37] - Exception
javax.websocket.DeploymentException: The HTTP request to initiate the WebSocket connection failed
	at org.apache.tomcat.websocket.WsWebSocketContainer.connectToServer(WsWebSocketContainer.java:428) ~[tomcat8-websocket-8.0.32.jar:8.0.32]
	at org.apache.tomcat.websocket.WsWebSocketContainer.connectToServer(WsWebSocketContainer.java:182) ~[tomcat8-websocket-8.0.32.jar:8.0.32]
	at extern.bsb.server.dev.worker.FakeWorkerSocketClient.<init>(FakeWorkerSocketClient.java:33) [classes/:?]
	at extern.bsb.server.dev.worker.FakeWorkerThread.run(FakeWorkerThread.java:76) [classes/:?]
	at java.util.concurrent.Executors$RunnableAdapter.call(Executors.java:511) [?:1.8.0_222]
	at java.util.concurrent.FutureTask.run(FutureTask.java:266) [?:1.8.0_222]
	at java.util.concurrent.ScheduledThreadPoolExecutor$ScheduledFutureTask.access$201(ScheduledThreadPoolExecutor.java:180) [?:1.8.0_222]
	at java.util.concurrent.ScheduledThreadPoolExecutor$ScheduledFutureTask.run(ScheduledThreadPoolExecutor.java:293) [?:1.8.0_222]
	at java.util.concurrent.ThreadPoolExecutor.runWorker(ThreadPoolExecutor.java:1149) [?:1.8.0_222]
	at java.util.concurrent.ThreadPoolExecutor$Worker.run(ThreadPoolExecutor.java:624) [?:1.8.0_222]
	at java.lang.Thread.run(Thread.java:748) [?:1.8.0_222]
Caused by: java.util.concurrent.TimeoutException
	at sun.nio.ch.PendingFuture.get(PendingFuture.java:197) ~[?:1.8.0_222]
	at org.apache.tomcat.websocket.WsWebSocketContainer.processResponse(WsWebSocketContainer.java:708) ~[tomcat8-websocket-8.0.32.jar:8.0.32]
	at org.apache.tomcat.websocket.WsWebSocketContainer.connectToServer(WsWebSocketContainer.java:375) ~[tomcat8-websocket-8.0.32.jar:8.0.32]
	... 10 more
17:01:46.730 [DEBUG] [    Development] [         FakeSensorThread: 166] - Send fake pipelineData to: ws://localhost:8080/com.bsb-driveline.eye-sea.server-development/websocket/captureSink/rgbFakeSensor
17:01:46.731 [DEBUG] [    Development] [         FakeSensorThread: 166] - Send fake pipelineData to: ws://localhost:8080/com.bsb-driveline.eye-sea.server-development/websocket/captureSink/appFakeSensor
17:01:46.732 [DEBUG] [    Development] [   FakeSensorSocketClient:  29] - Create fake sensor client endpoint: ws://localhost:8080/com.bsb-driveline.eye-sea.server-development/websocket/captureSink/appFakeSensor
17:01:46.732 [DEBUG] [    Development] [   FakeSensorSocketClient:  29] - Create fake sensor client endpoint: ws://localhost:8080/com.bsb-driveline.eye-sea.server-development/websocket/captureSink/rgbFakeSensor
17:01:46.736 [DEBUG] [    Development] [         FakeSensorThread: 166] - Send fake pipelineData to: ws://localhost:8080/com.bsb-driveline.eye-sea.server-development/websocket/captureSink/thermalFakeSensor
17:01:46.737 [DEBUG] [    Development] [   FakeSensorSocketClient:  29] - Create fake sensor client endpoint: ws://localhost:8080/com.bsb-driveline.eye-sea.server-development/websocket/captureSink/thermalFakeSensor
17:01:48.649 [DEBUG] [    Development] [   FakeSensorSocketClient: 104] - FakeSensorSocketClient on open: 1
17:01:48.651 [DEBUG] [    Development] [   FakeSensorSocketClient: 104] - FakeSensorSocketClient on open: 0
17:01:48.653 [DEBUG] [    Development] [   FakeSensorSocketClient: 104] - FakeSensorSocketClient on open: 4
17:04:53.304 [DEBUG] [    Development] [                     User: 236] - No thumbnail Found for this user.
17:04:57.401 [DEBUG] [    Development] [                     User: 236] - No thumbnail Found for this user.
17:05:04.874 [DEBUG] [    Development] [                     User: 236] - No thumbnail Found for this user.
17:05:11.979 [DEBUG] [    Development] [                     User: 236] - No thumbnail Found for this user.
17:05:18.670 [DEBUG] [    Development] [                     User: 236] - No thumbnail Found for this user.
17:05:26.172 [DEBUG] [    Development] [                     User: 236] - No thumbnail Found for this user.
17:05:33.955 [DEBUG] [    Development] [                     User: 236] - No thumbnail Found for this user.
17:05:42.011 [DEBUG] [    Development] [                     User: 236] - No thumbnail Found for this user.
17:05:50.264 [DEBUG] [    Development] [                     User: 236] - No thumbnail Found for this user.
