18:01:25.698 [ERROR] [    Development] [         FakeSensorThread:  91] - No sequences for: rgbFakeSensor
18:01:25.702 [ERROR] [    Development] [         FakeSensorThread:  91] - No sequences for: thermalFakeSensor
18:01:25.703 [ERROR] [    Development] [         FakeSensorThread:  91] - No sequences for: appFakeSensor
18:01:40.764 [ERROR] [    Development] [   FakeWorkerSocketClient:  37] - Exception
javax.websocket.DeploymentException: The HTTP request to initiate the WebSocket connection failed
	at org.apache.tomcat.websocket.WsWebSocketContainer.connectToServer(WsWebSocketContainer.java:428) ~[tomcat8-websocket-8.0.32.jar:8.0.32]
	at org.apache.tomcat.websocket.WsWebSocketContainer.connectToServer(WsWebSocketContainer.java:182) ~[tomcat8-websocket-8.0.32.jar:8.0.32]
	at extern.bsb.server.dev.worker.FakeWorkerSocketClient.<init>(FakeWorkerSocketClient.java:33) [classes/:?]
	at extern.bsb.server.dev.worker.FakeWorkerThread.run(FakeWorkerThread.java:76) [classes/:?]
	at java.util.concurrent.Executors$RunnableAdapter.call(Executors.java:511) [?:1.8.0_232]
	at java.util.concurrent.FutureTask.run(FutureTask.java:266) [?:1.8.0_232]
	at java.util.concurrent.ScheduledThreadPoolExecutor$ScheduledFutureTask.access$201(ScheduledThreadPoolExecutor.java:180) [?:1.8.0_232]
	at java.util.concurrent.ScheduledThreadPoolExecutor$ScheduledFutureTask.run(ScheduledThreadPoolExecutor.java:293) [?:1.8.0_232]
	at java.util.concurrent.ThreadPoolExecutor.runWorker(ThreadPoolExecutor.java:1149) [?:1.8.0_232]
	at java.util.concurrent.ThreadPoolExecutor$Worker.run(ThreadPoolExecutor.java:624) [?:1.8.0_232]
	at java.lang.Thread.run(Thread.java:748) [?:1.8.0_232]
Caused by: java.util.concurrent.TimeoutException
	at sun.nio.ch.PendingFuture.get(PendingFuture.java:197) ~[?:1.8.0_232]
	at org.apache.tomcat.websocket.WsWebSocketContainer.processResponse(WsWebSocketContainer.java:708) ~[tomcat8-websocket-8.0.32.jar:8.0.32]
	at org.apache.tomcat.websocket.WsWebSocketContainer.connectToServer(WsWebSocketContainer.java:375) ~[tomcat8-websocket-8.0.32.jar:8.0.32]
	... 10 more
18:01:40.764 [ERROR] [    Development] [   FakeWorkerSocketClient:  37] - Exception
javax.websocket.DeploymentException: The HTTP request to initiate the WebSocket connection failed
	at org.apache.tomcat.websocket.WsWebSocketContainer.connectToServer(WsWebSocketContainer.java:428) ~[tomcat8-websocket-8.0.32.jar:8.0.32]
	at org.apache.tomcat.websocket.WsWebSocketContainer.connectToServer(WsWebSocketContainer.java:182) ~[tomcat8-websocket-8.0.32.jar:8.0.32]
	at extern.bsb.server.dev.worker.FakeWorkerSocketClient.<init>(FakeWorkerSocketClient.java:33) [classes/:?]
	at extern.bsb.server.dev.worker.FakeWorkerThread.run(FakeWorkerThread.java:76) [classes/:?]
	at java.util.concurrent.Executors$RunnableAdapter.call(Executors.java:511) [?:1.8.0_232]
	at java.util.concurrent.FutureTask.run(FutureTask.java:266) [?:1.8.0_232]
	at java.util.concurrent.ScheduledThreadPoolExecutor$ScheduledFutureTask.access$201(ScheduledThreadPoolExecutor.java:180) [?:1.8.0_232]
	at java.util.concurrent.ScheduledThreadPoolExecutor$ScheduledFutureTask.run(ScheduledThreadPoolExecutor.java:293) [?:1.8.0_232]
	at java.util.concurrent.ThreadPoolExecutor.runWorker(ThreadPoolExecutor.java:1149) [?:1.8.0_232]
	at java.util.concurrent.ThreadPoolExecutor$Worker.run(ThreadPoolExecutor.java:624) [?:1.8.0_232]
	at java.lang.Thread.run(Thread.java:748) [?:1.8.0_232]
Caused by: java.util.concurrent.TimeoutException
	at sun.nio.ch.PendingFuture.get(PendingFuture.java:197) ~[?:1.8.0_232]
	at org.apache.tomcat.websocket.WsWebSocketContainer.processResponse(WsWebSocketContainer.java:708) ~[tomcat8-websocket-8.0.32.jar:8.0.32]
	at org.apache.tomcat.websocket.WsWebSocketContainer.connectToServer(WsWebSocketContainer.java:375) ~[tomcat8-websocket-8.0.32.jar:8.0.32]
	... 10 more
18:01:40.764 [ERROR] [    Development] [   FakeWorkerSocketClient:  37] - Exception
javax.websocket.DeploymentException: The HTTP request to initiate the WebSocket connection failed
	at org.apache.tomcat.websocket.WsWebSocketContainer.connectToServer(WsWebSocketContainer.java:428) ~[tomcat8-websocket-8.0.32.jar:8.0.32]
	at org.apache.tomcat.websocket.WsWebSocketContainer.connectToServer(WsWebSocketContainer.java:182) ~[tomcat8-websocket-8.0.32.jar:8.0.32]
	at extern.bsb.server.dev.worker.FakeWorkerSocketClient.<init>(FakeWorkerSocketClient.java:33) [classes/:?]
	at extern.bsb.server.dev.worker.FakeWorkerThread.run(FakeWorkerThread.java:76) [classes/:?]
	at java.util.concurrent.Executors$RunnableAdapter.call(Executors.java:511) [?:1.8.0_232]
	at java.util.concurrent.FutureTask.run(FutureTask.java:266) [?:1.8.0_232]
	at java.util.concurrent.ScheduledThreadPoolExecutor$ScheduledFutureTask.access$201(ScheduledThreadPoolExecutor.java:180) [?:1.8.0_232]
	at java.util.concurrent.ScheduledThreadPoolExecutor$ScheduledFutureTask.run(ScheduledThreadPoolExecutor.java:293) [?:1.8.0_232]
	at java.util.concurrent.ThreadPoolExecutor.runWorker(ThreadPoolExecutor.java:1149) [?:1.8.0_232]
	at java.util.concurrent.ThreadPoolExecutor$Worker.run(ThreadPoolExecutor.java:624) [?:1.8.0_232]
	at java.lang.Thread.run(Thread.java:748) [?:1.8.0_232]
Caused by: java.util.concurrent.TimeoutException
	at sun.nio.ch.PendingFuture.get(PendingFuture.java:197) ~[?:1.8.0_232]
	at org.apache.tomcat.websocket.WsWebSocketContainer.processResponse(WsWebSocketContainer.java:708) ~[tomcat8-websocket-8.0.32.jar:8.0.32]
	at org.apache.tomcat.websocket.WsWebSocketContainer.connectToServer(WsWebSocketContainer.java:375) ~[tomcat8-websocket-8.0.32.jar:8.0.32]
	... 10 more
18:05:54.006 [ERROR] [       Pipeline] [          AppStreamServer: 203] - mapRadar  exception
java.lang.IllegalStateException: The remote endpoint was in state [TEXT_FULL_WRITING] which is an invalid state for called method
	at org.apache.tomcat.websocket.WsRemoteEndpointImplBase$StateMachine.checkState(WsRemoteEndpointImplBase.java:1174) ~[tomcat8-websocket-8.0.32.jar:8.0.32]
	at org.apache.tomcat.websocket.WsRemoteEndpointImplBase$StateMachine.textStart(WsRemoteEndpointImplBase.java:1136) ~[tomcat8-websocket-8.0.32.jar:8.0.32]
	at org.apache.tomcat.websocket.WsRemoteEndpointImplBase.sendStringByCompletion(WsRemoteEndpointImplBase.java:213) ~[tomcat8-websocket-8.0.32.jar:8.0.32]
	at org.apache.tomcat.websocket.WsRemoteEndpointImplBase.sendStringByFuture(WsRemoteEndpointImplBase.java:201) ~[tomcat8-websocket-8.0.32.jar:8.0.32]
	at org.apache.tomcat.websocket.WsRemoteEndpointAsync.sendText(WsRemoteEndpointAsync.java:53) ~[tomcat8-websocket-8.0.32.jar:8.0.32]
	at extern.bsb.server.websockets.AppStreamServer.notifyAllAsynchronous(AppStreamServer.java:199) [classes/:?]
	at extern.bsb.server.socket.CaptureFusedConnection.run(CaptureFusedConnection.java:108) [classes/:?]
	at java.util.concurrent.Executors$RunnableAdapter.call(Executors.java:511) [?:1.8.0_232]
	at java.util.concurrent.FutureTask.run(FutureTask.java:266) [?:1.8.0_232]
	at java.util.concurrent.ThreadPoolExecutor.runWorker(ThreadPoolExecutor.java:1149) [?:1.8.0_232]
	at java.util.concurrent.ThreadPoolExecutor$Worker.run(ThreadPoolExecutor.java:624) [?:1.8.0_232]
	at java.lang.Thread.run(Thread.java:748) [?:1.8.0_232]
18:05:54.009 [ERROR] [       Pipeline] [          AppStreamServer: 203] - mapRadar  exception
java.lang.IllegalStateException: The remote endpoint was in state [TEXT_FULL_WRITING] which is an invalid state for called method
	at org.apache.tomcat.websocket.WsRemoteEndpointImplBase$StateMachine.checkState(WsRemoteEndpointImplBase.java:1174) ~[tomcat8-websocket-8.0.32.jar:8.0.32]
	at org.apache.tomcat.websocket.WsRemoteEndpointImplBase$StateMachine.textStart(WsRemoteEndpointImplBase.java:1136) ~[tomcat8-websocket-8.0.32.jar:8.0.32]
	at org.apache.tomcat.websocket.WsRemoteEndpointImplBase.sendStringByCompletion(WsRemoteEndpointImplBase.java:213) ~[tomcat8-websocket-8.0.32.jar:8.0.32]
	at org.apache.tomcat.websocket.WsRemoteEndpointImplBase.sendStringByFuture(WsRemoteEndpointImplBase.java:201) ~[tomcat8-websocket-8.0.32.jar:8.0.32]
	at org.apache.tomcat.websocket.WsRemoteEndpointAsync.sendText(WsRemoteEndpointAsync.java:53) ~[tomcat8-websocket-8.0.32.jar:8.0.32]
	at extern.bsb.server.websockets.AppStreamServer.notifyAllAsynchronous(AppStreamServer.java:199) [classes/:?]
	at extern.bsb.server.socket.CaptureFusedConnection.run(CaptureFusedConnection.java:108) [classes/:?]
	at java.util.concurrent.Executors$RunnableAdapter.call(Executors.java:511) [?:1.8.0_232]
	at java.util.concurrent.FutureTask.run(FutureTask.java:266) [?:1.8.0_232]
	at java.util.concurrent.ThreadPoolExecutor.runWorker(ThreadPoolExecutor.java:1149) [?:1.8.0_232]
	at java.util.concurrent.ThreadPoolExecutor$Worker.run(ThreadPoolExecutor.java:624) [?:1.8.0_232]
	at java.lang.Thread.run(Thread.java:748) [?:1.8.0_232]
18:07:41.869 [ERROR] [       Pipeline] [          AppStreamServer: 203] - mapRadar  exception
java.lang.IllegalStateException: The remote endpoint was in state [TEXT_FULL_WRITING] which is an invalid state for called method
	at org.apache.tomcat.websocket.WsRemoteEndpointImplBase$StateMachine.checkState(WsRemoteEndpointImplBase.java:1174) ~[tomcat8-websocket-8.0.32.jar:8.0.32]
	at org.apache.tomcat.websocket.WsRemoteEndpointImplBase$StateMachine.textStart(WsRemoteEndpointImplBase.java:1136) ~[tomcat8-websocket-8.0.32.jar:8.0.32]
	at org.apache.tomcat.websocket.WsRemoteEndpointImplBase.sendStringByCompletion(WsRemoteEndpointImplBase.java:213) ~[tomcat8-websocket-8.0.32.jar:8.0.32]
	at org.apache.tomcat.websocket.WsRemoteEndpointImplBase.sendStringByFuture(WsRemoteEndpointImplBase.java:201) ~[tomcat8-websocket-8.0.32.jar:8.0.32]
	at org.apache.tomcat.websocket.WsRemoteEndpointAsync.sendText(WsRemoteEndpointAsync.java:53) ~[tomcat8-websocket-8.0.32.jar:8.0.32]
	at extern.bsb.server.websockets.AppStreamServer.notifyAllAsynchronous(AppStreamServer.java:199) [classes/:?]
	at extern.bsb.server.socket.CaptureFusedConnection.run(CaptureFusedConnection.java:108) [classes/:?]
	at java.util.concurrent.Executors$RunnableAdapter.call(Executors.java:511) [?:1.8.0_232]
	at java.util.concurrent.FutureTask.run(FutureTask.java:266) [?:1.8.0_232]
	at java.util.concurrent.ThreadPoolExecutor.runWorker(ThreadPoolExecutor.java:1149) [?:1.8.0_232]
	at java.util.concurrent.ThreadPoolExecutor$Worker.run(ThreadPoolExecutor.java:624) [?:1.8.0_232]
	at java.lang.Thread.run(Thread.java:748) [?:1.8.0_232]
18:07:53.452 [ERROR] [     Webservice] [             StatusSocket:  71] - onError
java.nio.channels.ClosedChannelException
	at sun.nio.ch.SocketChannelImpl.ensureWriteOpen(SocketChannelImpl.java:270) ~[?:1.8.0_232]
	at sun.nio.ch.SocketChannelImpl.write(SocketChannelImpl.java:461) ~[?:1.8.0_232]
	at org.apache.tomcat.util.net.NioChannel.write(NioChannel.java:124) ~[tomcat8-coyote-8.0.32.jar:8.0.32]
	at org.apache.tomcat.util.net.NioSelectorPool.write(NioSelectorPool.java:183) ~[tomcat8-coyote-8.0.32.jar:8.0.32]
	at org.apache.coyote.http11.upgrade.NioServletOutputStream.doWriteInternal(NioServletOutputStream.java:94) ~[tomcat8-coyote-8.0.32.jar:8.0.32]
	at org.apache.coyote.http11.upgrade.NioServletOutputStream.doWrite(NioServletOutputStream.java:61) ~[tomcat8-coyote-8.0.32.jar:8.0.32]
	at org.apache.coyote.http11.upgrade.AbstractServletOutputStream.writeInternal(AbstractServletOutputStream.java:165) ~[tomcat8-coyote-8.0.32.jar:8.0.32]
	at org.apache.coyote.http11.upgrade.AbstractServletOutputStream.write(AbstractServletOutputStream.java:132) ~[tomcat8-coyote-8.0.32.jar:8.0.32]
	at org.apache.tomcat.websocket.server.WsRemoteEndpointImplServer.onWritePossible(WsRemoteEndpointImplServer.java:99) ~[tomcat8-websocket-8.0.32.jar:8.0.32]
	at org.apache.tomcat.websocket.server.WsRemoteEndpointImplServer.doWrite(WsRemoteEndpointImplServer.java:80) ~[tomcat8-websocket-8.0.32.jar:8.0.32]
	at org.apache.tomcat.websocket.WsRemoteEndpointImplBase.writeMessagePart(WsRemoteEndpointImplBase.java:452) ~[tomcat8-websocket-8.0.32.jar:8.0.32]
	at org.apache.tomcat.websocket.WsRemoteEndpointImplBase.startMessage(WsRemoteEndpointImplBase.java:340) ~[tomcat8-websocket-8.0.32.jar:8.0.32]
	at org.apache.tomcat.websocket.WsRemoteEndpointImplBase.startMessageBlock(WsRemoteEndpointImplBase.java:272) ~[tomcat8-websocket-8.0.32.jar:8.0.32]
	at org.apache.tomcat.websocket.WsSession.sendCloseMessage(WsSession.java:586) [tomcat8-websocket-8.0.32.jar:8.0.32]
	at org.apache.tomcat.websocket.WsSession.doClose(WsSession.java:488) [tomcat8-websocket-8.0.32.jar:8.0.32]
	at org.apache.tomcat.websocket.WsRemoteEndpointImplBase.handleSendFailureWithEncode(WsRemoteEndpointImplBase.java:547) [tomcat8-websocket-8.0.32.jar:8.0.32]
	at org.apache.tomcat.websocket.WsRemoteEndpointImplBase.handleSendFailure(WsRemoteEndpointImplBase.java:532) [tomcat8-websocket-8.0.32.jar:8.0.32]
	at org.apache.tomcat.websocket.WsRemoteEndpointImplBase.sendPartialString(WsRemoteEndpointImplBase.java:260) [tomcat8-websocket-8.0.32.jar:8.0.32]
	at org.apache.tomcat.websocket.WsRemoteEndpointImplBase.sendString(WsRemoteEndpointImplBase.java:195) [tomcat8-websocket-8.0.32.jar:8.0.32]
	at org.apache.tomcat.websocket.WsRemoteEndpointBasic.sendText(WsRemoteEndpointBasic.java:37) [tomcat8-websocket-8.0.32.jar:8.0.32]
	at extern.bsb.server.websockets.StatusSocket.onOpen(StatusSocket.java:116) [classes/:?]
	at sun.reflect.NativeMethodAccessorImpl.invoke0(Native Method) ~[?:1.8.0_232]
	at sun.reflect.NativeMethodAccessorImpl.invoke(NativeMethodAccessorImpl.java:62) ~[?:1.8.0_232]
	at sun.reflect.DelegatingMethodAccessorImpl.invoke(DelegatingMethodAccessorImpl.java:43) ~[?:1.8.0_232]
	at java.lang.reflect.Method.invoke(Method.java:498) ~[?:1.8.0_232]
	at org.apache.tomcat.websocket.pojo.PojoEndpointBase.doOnOpen(PojoEndpointBase.java:66) [tomcat8-websocket-8.0.32.jar:8.0.32]
	at org.apache.tomcat.websocket.pojo.PojoEndpointServer.onOpen(PojoEndpointServer.java:70) [tomcat8-websocket-8.0.32.jar:8.0.32]
	at org.apache.tomcat.websocket.server.WsHttpUpgradeHandler.init(WsHttpUpgradeHandler.java:128) [tomcat8-websocket-8.0.32.jar:8.0.32]
	at org.apache.coyote.AbstractProtocol$AbstractConnectionHandler.process(AbstractProtocol.java:705) [tomcat8-coyote-8.0.32.jar:8.0.32]
	at org.apache.tomcat.util.net.NioEndpoint$SocketProcessor.doRun(NioEndpoint.java:1520) [tomcat8-coyote-8.0.32.jar:8.0.32]
	at org.apache.tomcat.util.net.NioEndpoint$SocketProcessor.run(NioEndpoint.java:1476) [tomcat8-coyote-8.0.32.jar:8.0.32]
	at java.util.concurrent.ThreadPoolExecutor.runWorker(ThreadPoolExecutor.java:1149) [?:1.8.0_232]
	at java.util.concurrent.ThreadPoolExecutor$Worker.run(ThreadPoolExecutor.java:624) [?:1.8.0_232]
	at org.apache.tomcat.util.threads.TaskThread$WrappingRunnable.run(TaskThread.java:61) [tomcat8-util-8.0.32.jar:8.0.32]
	at java.lang.Thread.run(Thread.java:748) [?:1.8.0_232]
18:07:53.470 [ERROR] [     Webservice] [             StatusSocket:  71] - onError
java.io.IOException: Broken pipe
	at sun.nio.ch.FileDispatcherImpl.write0(Native Method) ~[?:1.8.0_232]
	at sun.nio.ch.SocketDispatcher.write(SocketDispatcher.java:47) ~[?:1.8.0_232]
	at sun.nio.ch.IOUtil.writeFromNativeBuffer(IOUtil.java:93) ~[?:1.8.0_232]
	at sun.nio.ch.IOUtil.write(IOUtil.java:65) ~[?:1.8.0_232]
	at sun.nio.ch.SocketChannelImpl.write(SocketChannelImpl.java:471) ~[?:1.8.0_232]
	at org.apache.tomcat.util.net.NioChannel.write(NioChannel.java:124) ~[tomcat8-coyote-8.0.32.jar:8.0.32]
	at org.apache.tomcat.util.net.NioSelectorPool.write(NioSelectorPool.java:183) ~[tomcat8-coyote-8.0.32.jar:8.0.32]
	at org.apache.coyote.http11.upgrade.NioServletOutputStream.doWriteInternal(NioServletOutputStream.java:94) ~[tomcat8-coyote-8.0.32.jar:8.0.32]
	at org.apache.coyote.http11.upgrade.NioServletOutputStream.doWrite(NioServletOutputStream.java:61) ~[tomcat8-coyote-8.0.32.jar:8.0.32]
	at org.apache.coyote.http11.upgrade.AbstractServletOutputStream.writeInternal(AbstractServletOutputStream.java:165) ~[tomcat8-coyote-8.0.32.jar:8.0.32]
	at org.apache.coyote.http11.upgrade.AbstractServletOutputStream.write(AbstractServletOutputStream.java:132) ~[tomcat8-coyote-8.0.32.jar:8.0.32]
	at org.apache.tomcat.websocket.server.WsRemoteEndpointImplServer.onWritePossible(WsRemoteEndpointImplServer.java:99) ~[tomcat8-websocket-8.0.32.jar:8.0.32]
	at org.apache.tomcat.websocket.server.WsRemoteEndpointImplServer.doWrite(WsRemoteEndpointImplServer.java:80) ~[tomcat8-websocket-8.0.32.jar:8.0.32]
	at org.apache.tomcat.websocket.WsRemoteEndpointImplBase.writeMessagePart(WsRemoteEndpointImplBase.java:452) ~[tomcat8-websocket-8.0.32.jar:8.0.32]
	at org.apache.tomcat.websocket.WsRemoteEndpointImplBase.startMessage(WsRemoteEndpointImplBase.java:340) ~[tomcat8-websocket-8.0.32.jar:8.0.32]
	at org.apache.tomcat.websocket.WsRemoteEndpointImplBase$TextMessageSendHandler.write(WsRemoteEndpointImplBase.java:755) ~[tomcat8-websocket-8.0.32.jar:8.0.32]
	at org.apache.tomcat.websocket.WsRemoteEndpointImplBase.sendPartialString(WsRemoteEndpointImplBase.java:252) ~[tomcat8-websocket-8.0.32.jar:8.0.32]
	at org.apache.tomcat.websocket.WsRemoteEndpointImplBase.sendString(WsRemoteEndpointImplBase.java:195) ~[tomcat8-websocket-8.0.32.jar:8.0.32]
	at org.apache.tomcat.websocket.WsRemoteEndpointBasic.sendText(WsRemoteEndpointBasic.java:37) ~[tomcat8-websocket-8.0.32.jar:8.0.32]
	at extern.bsb.server.websockets.StatusSocket.onOpen(StatusSocket.java:116) ~[classes/:?]
	at sun.reflect.NativeMethodAccessorImpl.invoke0(Native Method) ~[?:1.8.0_232]
	at sun.reflect.NativeMethodAccessorImpl.invoke(NativeMethodAccessorImpl.java:62) ~[?:1.8.0_232]
	at sun.reflect.DelegatingMethodAccessorImpl.invoke(DelegatingMethodAccessorImpl.java:43) ~[?:1.8.0_232]
	at java.lang.reflect.Method.invoke(Method.java:498) ~[?:1.8.0_232]
	at org.apache.tomcat.websocket.pojo.PojoEndpointBase.doOnOpen(PojoEndpointBase.java:66) [tomcat8-websocket-8.0.32.jar:8.0.32]
	at org.apache.tomcat.websocket.pojo.PojoEndpointServer.onOpen(PojoEndpointServer.java:70) [tomcat8-websocket-8.0.32.jar:8.0.32]
	at org.apache.tomcat.websocket.server.WsHttpUpgradeHandler.init(WsHttpUpgradeHandler.java:128) [tomcat8-websocket-8.0.32.jar:8.0.32]
	at org.apache.coyote.AbstractProtocol$AbstractConnectionHandler.process(AbstractProtocol.java:705) [tomcat8-coyote-8.0.32.jar:8.0.32]
	at org.apache.tomcat.util.net.NioEndpoint$SocketProcessor.doRun(NioEndpoint.java:1520) [tomcat8-coyote-8.0.32.jar:8.0.32]
	at org.apache.tomcat.util.net.NioEndpoint$SocketProcessor.run(NioEndpoint.java:1476) [tomcat8-coyote-8.0.32.jar:8.0.32]
	at java.util.concurrent.ThreadPoolExecutor.runWorker(ThreadPoolExecutor.java:1149) [?:1.8.0_232]
	at java.util.concurrent.ThreadPoolExecutor$Worker.run(ThreadPoolExecutor.java:624) [?:1.8.0_232]
	at org.apache.tomcat.util.threads.TaskThread$WrappingRunnable.run(TaskThread.java:61) [tomcat8-util-8.0.32.jar:8.0.32]
	at java.lang.Thread.run(Thread.java:748) [?:1.8.0_232]
